<?xml version="1.0" encoding="UTF-8"?>
<!-- Generated by org.testng.reporters.JUnitReportReporter -->
<testsuite hostname="LAPTOP-5KMFOFH9" failures="0" tests="3" name="com.swaglab.TestCases.LoginPageTest" time="10.637" errors="0" timestamp="2024-09-10T22:38:57 IST" skipped="0">
  <testcase classname="com.swaglab.TestCases.LoginPageTest" name="validateLoginPageUrl" time="2.835"/>
  <system-out/>
  <testcase classname="com.swaglab.TestCases.LoginPageTest" name="validateLoginPageTitle" time="3.000"/>
  <system-out/>
  <testcase classname="com.swaglab.TestCases.LoginPageTest" name="validateLogin" time="4.802"/>
  <system-out/>
</testsuite> <!-- com.swaglab.TestCases.LoginPageTest -->
