<?xml version="1.0" encoding="UTF-8"?>
<!-- Generated by org.testng.reporters.JUnitReportReporter -->
<testsuite hostname="LAPTOP-5KMFOFH9" failures="0" tests="4" name="com.swaglab.TestCases.AddToCartPageTest" time="24.172" errors="0" timestamp="2024-09-10T22:38:57 IST" skipped="0">
  <testcase classname="com.swaglab.TestCases.AddToCartPageTest" name="verifyDescription" time="6.162"/>
  <system-out/>
  <testcase classname="com.swaglab.TestCases.AddToCartPageTest" name="validateRemoveProduct" time="6.956"/>
  <system-out/>
  <testcase classname="com.swaglab.TestCases.AddToCartPageTest" name="validateContinueshopping" time="6.509"/>
  <system-out/>
  <testcase classname="com.swaglab.TestCases.AddToCartPageTest" name="ClickCheckout" time="4.545"/>
  <system-out/>
</testsuite> <!-- com.swaglab.TestCases.AddToCartPageTest -->
