<?xml version="1.0" encoding="UTF-8"?>
<!-- Generated by org.testng.reporters.JUnitReportReporter -->
<testsuite hostname="LAPTOP-5KMFOFH9" failures="0" tests="2" name="com.swaglab.TestCases.OverViewPageTest" time="14.034" errors="0" timestamp="2024-09-10T22:38:57 IST" skipped="0">
  <testcase classname="com.swaglab.TestCases.OverViewPageTest" name="verifySummary" time="7.171"/>
  <system-out/>
  <testcase classname="com.swaglab.TestCases.OverViewPageTest" name="validationFinish" time="6.863"/>
  <system-out/>
</testsuite> <!-- com.swaglab.TestCases.OverViewPageTest -->
