<?xml version="1.0" encoding="UTF-8"?>
<!-- Generated by org.testng.reporters.JUnitReportReporter -->
<testsuite hostname="LAPTOP-5KMFOFH9" failures="0" tests="1" name="com.swaglab.TestCases.CheckOutPageTest" time="6.732" errors="0" timestamp="2024-09-10T22:38:57 IST" skipped="0">
  <testcase classname="com.swaglab.TestCases.CheckOutPageTest" name="validateCheckout" time="6.732"/>
  <system-out/>
</testsuite> <!-- com.swaglab.TestCases.CheckOutPageTest -->
