<?xml version="1.0" encoding="UTF-8"?>
<!-- Generated by org.testng.reporters.JUnitReportReporter -->
<testsuite hostname="LAPTOP-5KMFOFH9" failures="0" tests="3" name="com.swaglab.TestCases.InventoryPageTest" time="13.671" errors="0" timestamp="2024-09-10T22:38:57 IST" skipped="0">
  <testcase classname="com.swaglab.TestCases.InventoryPageTest" name="validateTotalOpyions" time="3.410"/>
  <system-out/>
  <testcase classname="com.swaglab.TestCases.InventoryPageTest" name="ValidateProducts" time="6.498"/>
  <system-out/>
  <testcase classname="com.swaglab.TestCases.InventoryPageTest" name="addProductToCart" time="3.763"/>
  <system-out/>
</testsuite> <!-- com.swaglab.TestCases.InventoryPageTest -->
